This is pdfTeX, Version 3.14159265-2.6-1.40.21 (MiKTeX 20.6.29) (preloaded format=pdflatex 2020.9.19)  21 SEP 2020 00:05
entering extended mode
**./Assignment1.tex
(Assignment1.tex
LaTeX2e <2020-02-02> patch level 5
L3 programming layer <2020-06-18>
("C:\Program Files\MiKTeX\tex/latex/base\article.cls"
Document Class: article 2019/12/20 v1.4l Standard LaTeX document class
("C:\Program Files\MiKTeX\tex/latex/base\size12.clo"
File: size12.clo 2019/12/20 v1.4l Standard LaTeX file (size option)
)
\c@part=\count167
\c@section=\count168
\c@subsection=\count169
\c@subsubsection=\count170
\c@paragraph=\count171
\c@subparagraph=\count172
\c@figure=\count173
\c@table=\count174
\abovecaptionskip=\skip47
\belowcaptionskip=\skip48
\bibindent=\dimen134
)
("C:\Program Files\MiKTeX\tex/latex/geometry\geometry.sty"
Package: geometry 2020/01/02 v5.9 Page Geometry

("C:\Program Files\MiKTeX\tex/latex/graphics\keyval.sty"
Package: keyval 2014/10/28 v1.15 key=value parser (DPC)
\KV@toks@=\toks15
)
("C:\Program Files\MiKTeX\tex/generic/iftex\ifvtex.sty"
Package: ifvtex 2019/10/25 v1.7 ifvtex legacy package. Use iftex instead.

("C:\Program Files\MiKTeX\tex/generic/iftex\iftex.sty"
Package: iftex 2020/03/06 v1.0d TeX engine tests
))
\Gm@cnth=\count175
\Gm@cntv=\count176
\c@Gm@tempcnt=\count177
\Gm@bindingoffset=\dimen135
\Gm@wd@mp=\dimen136
\Gm@odd@mp=\dimen137
\Gm@even@mp=\dimen138
\Gm@layoutwidth=\dimen139
\Gm@layoutheight=\dimen140
\Gm@layouthoffset=\dimen141
\Gm@layoutvoffset=\dimen142
\Gm@dimlist=\toks16

("C:\Program Files\MiKTeX\tex/latex/geometry\geometry.cfg"))
("C:\Program Files\MiKTeX\tex/latex/base\fontenc.sty"
Package: fontenc 2020/02/11 v2.0o Standard LaTeX package
)
("C:\Program Files\MiKTeX\tex/latex/base\inputenc.sty"
Package: inputenc 2018/08/11 v1.3c Input encoding file
\inpenc@prehook=\toks17
\inpenc@posthook=\toks18
)
("C:\Program Files\MiKTeX\tex/latex/multirow\multirow.sty"
Package: multirow 2019/05/31 v2.5 Span multiple rows of a table
\multirow@colwidth=\skip49
\multirow@cntb=\count178
\multirow@dima=\skip50
\bigstrutjot=\dimen143
)
("C:\Program Files\MiKTeX\tex/latex/booktabs\booktabs.sty"
Package: booktabs 2020/01/12 v1.61803398 Publication quality tables
\heavyrulewidth=\dimen144
\lightrulewidth=\dimen145
\cmidrulewidth=\dimen146
\belowrulesep=\dimen147
\belowbottomsep=\dimen148
\aboverulesep=\dimen149
\abovetopsep=\dimen150
\cmidrulesep=\dimen151
\cmidrulekern=\dimen152
\defaultaddspace=\dimen153
\@cmidla=\count179
\@cmidlb=\count180
\@aboverulesep=\dimen154
\@belowrulesep=\dimen155
\@thisruleclass=\count181
\@lastruleclass=\count182
\@thisrulewidth=\dimen156
)
("C:\Program Files\MiKTeX\tex/latex/graphics\graphicx.sty"
Package: graphicx 2019/11/30 v1.2a Enhanced LaTeX Graphics (DPC,SPQR)

("C:\Program Files\MiKTeX\tex/latex/graphics\graphics.sty"
Package: graphics 2019/11/30 v1.4a Standard LaTeX Graphics (DPC,SPQR)

("C:\Program Files\MiKTeX\tex/latex/graphics\trig.sty"
Package: trig 2016/01/03 v1.10 sin cos tan (DPC)
)
("C:\Program Files\MiKTeX\tex/latex/graphics-cfg\graphics.cfg"
File: graphics.cfg 2016/06/04 v1.11 sample graphics configuration
)
Package graphics Info: Driver file: pdftex.def on input line 105.

("C:\Program Files\MiKTeX\tex/latex/graphics-def\pdftex.def"
File: pdftex.def 2018/01/08 v1.0l Graphics/color driver for pdftex
))
\Gin@req@height=\dimen157
\Gin@req@width=\dimen158
)
("C:\Program Files\MiKTeX\tex/latex/setspace\setspace.sty"
Package: setspace 2011/12/19 v6.7a set line spacing
)
("C:\Program Files\MiKTeX\tex/latex/float\float.sty"
Package: float 2001/11/08 v1.3d Float enhancements (AL)
\c@float@type=\count183
\float@exts=\toks19
\float@box=\box45
\@float@everytoks=\toks20
\@floatcapt=\box46
)
("C:\Program Files\MiKTeX\tex/latex/fancyhdr\fancyhdr.sty"
Package: fancyhdr 2019/01/31 v3.10 Extensive control of page headers and footer
s
\f@nch@headwidth=\skip51
\f@nch@O@elh=\skip52
\f@nch@O@erh=\skip53
\f@nch@O@olh=\skip54
\f@nch@O@orh=\skip55
\f@nch@O@elf=\skip56
\f@nch@O@erf=\skip57
\f@nch@O@olf=\skip58
\f@nch@O@orf=\skip59
)
("C:\Program Files\MiKTeX\tex/latex/l3backend\l3backend-pdfmode.def"
File: l3backend-pdfmode.def 2020-06-29 L3 backend support: PDF mode
\l__kernel_color_stack_int=\count184
\l__pdf_internal_box=\box47
)
(Assignment1.aux)
\openout1 = `Assignment1.aux'.

LaTeX Font Info:    Checking defaults for OML/cmm/m/it on input line 74.
LaTeX Font Info:    ... okay on input line 74.
LaTeX Font Info:    Checking defaults for OMS/cmsy/m/n on input line 74.
LaTeX Font Info:    ... okay on input line 74.
LaTeX Font Info:    Checking defaults for OT1/cmr/m/n on input line 74.
LaTeX Font Info:    ... okay on input line 74.
LaTeX Font Info:    Checking defaults for T1/cmr/m/n on input line 74.
LaTeX Font Info:    ... okay on input line 74.
LaTeX Font Info:    Checking defaults for TS1/cmr/m/n on input line 74.
LaTeX Font Info:    ... okay on input line 74.
LaTeX Font Info:    Checking defaults for OMX/cmex/m/n on input line 74.
LaTeX Font Info:    ... okay on input line 74.
LaTeX Font Info:    Checking defaults for U/cmr/m/n on input line 74.
LaTeX Font Info:    ... okay on input line 74.

*geometry* driver: auto-detecting
*geometry* detected driver: pdftex
*geometry* verbose mode - [ preamble ] result:
* driver: pdftex
* paper: a4paper
* layout: <same size as paper>
* layoutoffset:(h,v)=(0.0pt,0.0pt)
* modes: 
* h-part:(L,W,R)=(71.13188pt, 455.24411pt, 71.13188pt)
* v-part:(T,H,B)=(71.13188pt, 702.78308pt, 71.13188pt)
* \paperwidth=597.50787pt
* \paperheight=845.04684pt
* \textwidth=455.24411pt
* \textheight=702.78308pt
* \oddsidemargin=-1.1381pt
* \evensidemargin=-1.1381pt
* \topmargin=-38.1381pt
* \headheight=12.0pt
* \headsep=25.0pt
* \topskip=12.0pt
* \footskip=30.0pt
* \marginparwidth=35.0pt
* \marginparsep=10.0pt
* \columnsep=10.0pt
* \skip\footins=10.8pt plus 4.0pt minus 2.0pt
* \hoffset=0.0pt
* \voffset=0.0pt
* \mag=1000
* \@twocolumnfalse
* \@twosidefalse
* \@mparswitchfalse
* \@reversemarginfalse
* (1in=72.27pt=25.4mm, 1cm=28.453pt)

("C:\Program Files\MiKTeX\tex/context/base/mkii\supp-pdf.mkii"
[Loading MPS to PDF converter (version 2006.09.02).]
\scratchcounter=\count185
\scratchdimen=\dimen159
\scratchbox=\box48
\nofMPsegments=\count186
\nofMParguments=\count187
\everyMPshowfont=\toks21
\MPscratchCnt=\count188
\MPscratchDim=\dimen160
\MPnumerator=\count189
\makeMPintoPDFobject=\count190
\everyMPtoPDFconversion=\toks22
) ("C:\Program Files\MiKTeX\tex/latex/epstopdf-pkg\epstopdf-base.sty"
Package: epstopdf-base 2020-01-24 v2.11 Base part for package epstopdf
Package epstopdf-base Info: Redefining graphics rule for `.eps' on input line 4
85.
)
LaTeX Font Info:    External font `cmex10' loaded for size
(Font)              <12> on input line 88.
LaTeX Font Info:    External font `cmex10' loaded for size
(Font)              <8> on input line 88.
LaTeX Font Info:    External font `cmex10' loaded for size
(Font)              <6> on input line 88.
 [1

{C:/Users/theoj/AppData/Local/MiKTeX/pdftex/config/pdftex.map}]
<Mean_Statistics.png, id=9, 829.59938pt x 236.885pt>
File: Mean_Statistics.png Graphic file (type png)
<use Mean_Statistics.png>
Package pdftex.def Info: Mean_Statistics.png  used on input line 120.
(pdftex.def)             Requested size: 409.71692pt x 116.98914pt.
<Figure_1.png, id=11, 462.528pt x 346.896pt>
File: Figure_1.png Graphic file (type png)
<use Figure_1.png>
Package pdftex.def Info: Figure_1.png  used on input line 134.
(pdftex.def)             Requested size: 318.66948pt x 239.01443pt.
 [2 <./Mean_Statistics.png>]
<Figure_2.png, id=21, 462.528pt x 346.896pt>
File: Figure_2.png Graphic file (type png)
<use Figure_2.png>
Package pdftex.def Info: Figure_2.png  used on input line 139.
(pdftex.def)             Requested size: 318.66948pt x 239.01443pt.
<Figure_3.png, id=22, 462.528pt x 346.896pt>
File: Figure_3.png Graphic file (type png)
<use Figure_3.png>
Package pdftex.def Info: Figure_3.png  used on input line 148.
(pdftex.def)             Requested size: 318.66948pt x 239.01443pt.
 [3 <./Figure_1.png> <./Figure_2.png>]
<Figure_4.png, id=28, 462.528pt x 346.896pt>
File: Figure_4.png Graphic file (type png)
<use Figure_4.png>
Package pdftex.def Info: Figure_4.png  used on input line 159.
(pdftex.def)             Requested size: 227.62206pt x 170.71628pt.
<Figure_5.png, id=29, 462.528pt x 346.896pt>
File: Figure_5.png Graphic file (type png)
<use Figure_5.png>
Package pdftex.def Info: Figure_5.png  used on input line 164.
(pdftex.def)             Requested size: 227.62206pt x 170.71628pt.
 [4 <./Figure_3.png>]
<Figure_6.png, id=34, 462.528pt x 346.896pt>
File: Figure_6.png Graphic file (type png)
<use Figure_6.png>
Package pdftex.def Info: Figure_6.png  used on input line 169.
(pdftex.def)             Requested size: 227.62206pt x 170.71628pt.
<Figure_7.png, id=35, 462.528pt x 346.896pt>
File: Figure_7.png Graphic file (type png)
<use Figure_7.png>
Package pdftex.def Info: Figure_7.png  used on input line 180.
(pdftex.def)             Requested size: 409.71692pt x 307.302pt.
 [5 <./Figure_4.png> <./Figure_5.png> <./Figure_6.png>]
<Figure_9.png, id=42, 462.528pt x 346.896pt>
File: Figure_9.png Graphic file (type png)
<use Figure_9.png>
Package pdftex.def Info: Figure_9.png  used on input line 188.
(pdftex.def)             Requested size: 318.66948pt x 239.01443pt.
<Figure_8.png, id=43, 462.528pt x 346.896pt>
File: Figure_8.png Graphic file (type png)
<use Figure_8.png>
Package pdftex.def Info: Figure_8.png  used on input line 193.
(pdftex.def)             Requested size: 318.66948pt x 239.01443pt.
 [6 <./Figure_7.png>]
<Figure_10.png, id=48, 462.528pt x 346.896pt>
File: Figure_10.png Graphic file (type png)
<use Figure_10.png>
Package pdftex.def Info: Figure_10.png  used on input line 206.
(pdftex.def)             Requested size: 227.62206pt x 170.71628pt.
 [7 <./Figure_9.png> <./Figure_8.png>]
<Figure_11.png, id=55, 462.528pt x 346.896pt>
File: Figure_11.png Graphic file (type png)
<use Figure_11.png>
Package pdftex.def Info: Figure_11.png  used on input line 211.
(pdftex.def)             Requested size: 227.62206pt x 170.71628pt.
<Figure_12.png, id=56, 462.528pt x 346.896pt>
File: Figure_12.png Graphic file (type png)
<use Figure_12.png>
Package pdftex.def Info: Figure_12.png  used on input line 216.
(pdftex.def)             Requested size: 227.62206pt x 170.71628pt.
<Figure_13.png, id=57, 462.528pt x 346.896pt>
File: Figure_13.png Graphic file (type png)
<use Figure_13.png>
Package pdftex.def Info: Figure_13.png  used on input line 221.
(pdftex.def)             Requested size: 227.62206pt x 170.71628pt.
 [8 <./Figure_10.png> <./Figure_11.png>]
<Figure_14.png, id=63, 462.528pt x 346.896pt>
File: Figure_14.png Graphic file (type png)
<use Figure_14.png>
Package pdftex.def Info: Figure_14.png  used on input line 226.
(pdftex.def)             Requested size: 227.62206pt x 170.71628pt.
<Figure_15.png, id=64, 462.528pt x 346.896pt>
File: Figure_15.png Graphic file (type png)
<use Figure_15.png>
Package pdftex.def Info: Figure_15.png  used on input line 236.
(pdftex.def)             Requested size: 182.09486pt x 136.56984pt.
 [9 <./Figure_12.png> <./Figure_13.png> <./Figure_14.png>]
<Figure_16.png, id=71, 462.528pt x 346.896pt>
File: Figure_16.png Graphic file (type png)
<use Figure_16.png>
Package pdftex.def Info: Figure_16.png  used on input line 241.
(pdftex.def)             Requested size: 182.09486pt x 136.56984pt.
File: Figure_16.png Graphic file (type png)
<use Figure_16.png>
Package pdftex.def Info: Figure_16.png  used on input line 246.
(pdftex.def)             Requested size: 182.09486pt x 136.56984pt.
 [10 <./Figure_15.png> <./Figure_16.png>]
<Hypothesis.png, id=77, 423.5825pt x 295.60437pt>
File: Hypothesis.png Graphic file (type png)
<use Hypothesis.png>
Package pdftex.def Info: Hypothesis.png  used on input line 257.
(pdftex.def)             Requested size: 318.66948pt x 222.39734pt.
<Confidence_intervals.png, id=78, 440.64626pt x 344.28625pt>
File: Confidence_intervals.png Graphic file (type png)
<use Confidence_intervals.png>
Package pdftex.def Info: Confidence_intervals.png  used on input line 268.
(pdftex.def)             Requested size: 182.09486pt x 142.27199pt.
 [11 <./Hypothesis.png>]
File: Figure_9.png Graphic file (type png)
<use Figure_9.png>
Package pdftex.def Info: Figure_9.png  used on input line 273.
(pdftex.def)             Requested size: 227.62206pt x 170.71628pt.
<Figure_18.png, id=83, 462.528pt x 346.896pt>
File: Figure_18.png Graphic file (type png)
<use Figure_18.png>
Package pdftex.def Info: Figure_18.png  used on input line 278.
(pdftex.def)             Requested size: 227.62206pt x 170.71628pt.
 [12 <./Confidence_intervals.png (PNG copy)>]
<T_test.png, id=87, 292.09125pt x 202.7575pt>
File: T_test.png Graphic file (type png)
<use T_test.png>
Package pdftex.def Info: T_test.png  used on input line 299.
(pdftex.def)             Requested size: 273.14923pt x 189.6268pt.

[13 <./Figure_18.png> <./T_test.png (PNG copy)>]
<MaxMin.png, id=93, 182.18062pt x 131.49126pt>
File: MaxMin.png Graphic file (type png)
<use MaxMin.png>
Package pdftex.def Info: MaxMin.png  used on input line 309.
(pdftex.def)             Requested size: 182.09486pt x 131.43474pt.
 (Assignment1.bbl) [14 <./MaxMin.png>] (Assignment1.aux) ) 
Here is how much of TeX's memory you used:
 2378 strings out of 480790
 33147 string characters out of 2907055
 274195 words of memory out of 3000000
 18360 multiletter control sequences out of 15000+200000
 540465 words of font info for 40 fonts, out of 3000000 for 9000
 1141 hyphenation exceptions out of 8191
 30i,10n,45p,1215b,248s stack positions out of 5000i,500n,10000p,200000b,50000s
 <C:\Users\theoj\AppD
ata\Local\MiKTeX\fonts/pk/ljfour/jknappen/ec/dpi600\ecrm1000.pk> <C:\Users\theo
j\AppData\Local\MiKTeX\fonts/pk/ljfour/jknappen/ec/dpi600\ecbx1200.pk> <C:\User
s\theoj\AppData\Local\MiKTeX\fonts/pk/ljfour/jknappen/ec/dpi600\ecbx1728.pk> <C
:\Users\theoj\AppData\Local\MiKTeX\fonts/pk/ljfour/jknappen/ec/dpi600\ecrm1200.
pk> <C:\Users\theoj\AppData\Local\MiKTeX\fonts/pk/ljfour/jknappen/ec/dpi600\ecb
x1440.pk><C:/Program Files/MiKTeX/fonts/type1/public/amsfonts/cm/cmmi12.pfb><C:
/Program Files/MiKTeX/fonts/type1/public/amsfonts/cm/cmr12.pfb><C:/Program File
s/MiKTeX/fonts/type1/public/amsfonts/cm/cmr6.pfb><C:/Program Files/MiKTeX/fonts
/type1/public/amsfonts/cm/cmsy10.pfb>
Output written on Assignment1.pdf (14 pages, 2094753 bytes).
PDF statistics:
 321 PDF objects out of 1000 (max. 8388607)
 0 named destinations out of 1000 (max. 500000)
 111 words of extra memory for PDF output out of 10000 (max. 10000000)

